<?xml version="1.0" encoding="UTF-8"?>
<!-- Generated by org.testng.reporters.JUnitXMLReporter -->
<testsuite ignored="0" hostname="DESKTOP-BQS7GFT" failures="0" tests="5" name="Default test" time="44.596" errors="0" timestamp="2022-01-15T23:27:16 IST">
  <testcase classname="com.orangehrm.qa.testcases.LoginPageTest" name="loginappfail" time="1.951"/>
  <testcase classname="com.orangehrm.qa.testcases.LoginPageTest" name="loginappfail" time="2.129"/>
  <testcase classname="com.orangehrm.qa.testcases.LoginPageTest" name="loginappfail" time="1.708"/>
  <testcase classname="com.orangehrm.qa.testcases.LoginPageTest" name="loginpagetitlecase" time="0.013"/>
  <testcase classname="com.orangehrm.qa.testcases.LoginPageTest" name="loginapp" time="6.179"/>
</testsuite> <!-- Default test -->
