<?xml version="1.0" encoding="UTF-8"?>
<!-- Generated by org.testng.reporters.JUnitXMLReporter -->
<testsuite hostname="DESKTOP-BQS7GFT" ignored="0" name="Test" tests="8" failures="0" timestamp="2022-01-17T11:42:26 IST" time="191.875" errors="0">
  <testcase name="emprecord" time="0.079" classname="com.orangehrm.qa.testcases.MaintanancePageTest"/>
  <testcase name="adminaccess" time="2.26" classname="com.orangehrm.qa.testcases.AdminPageTest"/>
  <testcase name="maintainaccess" time="2.797" classname="com.orangehrm.qa.testcases.HomePageTest"/>
  <testcase name="loginappfail" time="2.106" classname="com.orangehrm.qa.testcases.LoginPageTest"/>
  <testcase name="loginappfail" time="2.733" classname="com.orangehrm.qa.testcases.LoginPageTest"/>
  <testcase name="loginappfail" time="1.716" classname="com.orangehrm.qa.testcases.LoginPageTest"/>
  <testcase name="loginpagetitlecase" time="0.009" classname="com.orangehrm.qa.testcases.LoginPageTest"/>
  <testcase name="loginapp" time="11.15" classname="com.orangehrm.qa.testcases.LoginPageTest"/>
</testsuite> <!-- Test -->
