<?xml version="1.0" encoding="UTF-8"?>
<!-- Generated by org.testng.reporters.JUnitXMLReporter -->
<testsuite hostname="LIN39000467" ignored="0" name="Orange HRM Smoke" tests="8" failures="0" timestamp="26 Oct 2020 12:15:31 GMT" time="139.835" errors="0">
  <testcase name="loginappfail" time="3.456" classname="com.orangehrm.qa.testcases.LoginPageTest"/>
  <testcase name="loginappfail" time="3.318" classname="com.orangehrm.qa.testcases.LoginPageTest"/>
  <testcase name="loginappfail" time="3.342" classname="com.orangehrm.qa.testcases.LoginPageTest"/>
  <testcase name="maintainaccess" time="1.595" classname="com.orangehrm.qa.testcases.HomePageTest"/>
  <testcase name="emprecord" time="0.133" classname="com.orangehrm.qa.testcases.MaintanancePageTest"/>
  <testcase name="adminaccess" time="3.399" classname="com.orangehrm.qa.testcases.AdminPageTest"/>
  <testcase name="loginpagetitlecase" time="0.507" classname="com.orangehrm.qa.testcases.LoginPageTest"/>
  <testcase name="loginapp" time="6.679" classname="com.orangehrm.qa.testcases.LoginPageTest"/>
</testsuite> <!-- Orange HRM Smoke -->
